<?xml version="1.0" encoding="utf-8"?><testsuites name="pytest tests"><testsuite name="pytest" errors="0" failures="0" skipped="0" tests="20" time="8.699" timestamp="2026-02-14T01:10:03.446671+00:00" hostname="agent-env-1d32c2bd-515b-4c3a-803a-f1f903bb36bc"><testcase classname="backend.tests.test_calendar_api.TestAuthEndpoints" name="test_login_success" time="0.369" /><testcase classname="backend.tests.test_calendar_api.TestAuthEndpoints" name="test_login_invalid_credentials" time="0.112" /><testcase classname="backend.tests.test_calendar_api.TestAuthEndpoints" name="test_get_me_authenticated" time="0.533" /><testcase classname="backend.tests.test_calendar_api.TestAuthEndpoints" name="test_get_me_unauthenticated" time="0.266" /><testcase classname="backend.tests.test_calendar_api.TestCalendarAPI" name="test_get_calendar_events" time="0.515" /><testcase classname="backend.tests.test_calendar_api.TestCalendarAPI" name="test_create_calendar_event" time="0.618" /><testcase classname="backend.tests.test_calendar_api.TestCalendarAPI" name="test_update_calendar_event" time="0.749" /><testcase classname="backend.tests.test_calendar_api.TestCalendarAPI" name="test_delete_calendar_event" time="0.672" /><testcase classname="backend.tests.test_calendar_api.TestCalendarAPI" name="test_calendar_events_unauthenticated" time="0.541" /><testcase classname="backend.tests.test_calendar_api.TestUserSettings" name="test_update_settings" time="0.744" /><testcase classname="backend.tests.test_calendar_api.TestCopingTools" name="test_get_coping_tools" time="0.538" /><testcase classname="backend.tests.test_craving_session.TestCravingSessionAPI" name="test_create_craving_session_with_started_at" time="0.497" /><testcase classname="backend.tests.test_craving_session.TestCravingSessionAPI" name="test_create_craving_session_without_need_type" time="0.122" /><testcase classname="backend.tests.test_craving_session.TestCravingSessionAPI" name="test_create_craving_session_with_custom_trigger" time="0.135" /><testcase classname="backend.tests.test_craving_session.TestCravingSessionAPI" name="test_get_craving_sessions" time="0.113" /><testcase classname="backend.tests.test_craving_session.TestCopingToolsAPI" name="test_get_coping_tools" time="0.111" /><testcase classname="backend.tests.test_craving_session.TestBottomNavAPI" name="test_progress_endpoint" time="0.258" /><testcase classname="backend.tests.test_craving_session.TestBottomNavAPI" name="test_user_settings_endpoint" time="0.620" /><testcase classname="backend.tests.test_craving_session.TestAuthFlow" name="test_login_success" time="0.331" /><testcase classname="backend.tests.test_craving_session.TestAuthFlow" name="test_login_invalid_credentials" time="0.793" /></testsuite></testsuites>